Arguments: 
  U:\DRIVE (A)\node\node.exe C:\Users\riddh\AppData\Roaming\npm\node_modules\yarn\bin\yarn.js add react-load-more-hook

PATH: 
  C:\Program Files\Python311\Scripts\;C:\Program Files\Python311\;C:\Program Files\Common Files\Oracle\Java\javapath;C:\Users\riddh\AppData\Roaming\npm\;U:\yarn\bin\;C:\Program Files\Git\cmd;C:\Windows\System32;C:\WINDOWS\System32\WindowsPowerShell\v1.0\;C:\Program Files\Python311\Lib\site-packages;C:\WINDOWS\explorer.exe;;C:\Program Files\NVIDIA Corporation\NVIDIA NvDLISR;C:\Program Files\MySQL\MySQL Shell 8.0\bin\;C:\Users\riddh\AppData\Local\Programs\Python\Python39\Scripts\;C:\Users\riddh\AppData\Local\Programs\Python\Python39\;C:\msys64\usr\bin;C:\msys64\mingw64\bin;C:\Users\riddh\AppData\Local\Microsoft\WindowsApps;C:\Users\riddh\AppData\Roaming\npm\node_modules\netlify-cli;C:\Users\riddh\AppData\Local\Yarn\bin;U:\DRIVE (A)\node;U:\vscode\bin;C:\Program Files\Git\bin\git.exe;C:\Windows\System32;U:\flutter\bin;C:\WINDOWS\System32\WindowsPowerShell\v1.0\;C:\Program Files\Java\jdk-19\bin;C:\Program Files\Python311\Lib\site-packages;C:\WINDOWS\system32;C:\WINDOWS\explorer.exe;

Yarn version: 
  1.22.19

Node version: 
  18.8.0

Platform: 
  win32 x64

Trace: 
  Error: EPERM: operation not permitted, unlink 'U:\animeweb\node_modules\@next\swc-win32-x64-msvc\next-swc.win32-x64-msvc.node'

npm manifest: 
  {
    "name": "animeweb",
    "version": "0.1.0",
    "private": true,
    "scripts": {
      "dev": "next dev",
      "build": "next build",
      "start": "next start",
      "lint": "next lint"
    },
    "dependencies": {
      "@next/font": "13.1.6",
      "axios": "^1.3.1",
      "daisyui": "^2.50.0",
      "next": "13.1.6",
      "react": "18.2.0",
      "react-dom": "18.2.0",
      "react-icons": "^4.7.1",
      "react-top-loading-bar": "^2.3.1",
      "swr": "^2.0.3"
    },
    "devDependencies": {
      "autoprefixer": "^10.4.13",
      "postcss": "^8.4.21",
      "tailwindcss": "^3.2.4"
    }
  }

yarn manifest: 
  No manifest

Lockfile: 
  No lockfile
